time="2023-04-22 18:13:49" level=info msg="D:/GoLand/Im/test/TestGorm.go:138 Error 1146 (42S02): Table 'community.users' doesn't exist\n[1.504ms] [rows:0] INSERT INTO `users` VALUES()"
time="2023-04-22 18:13:49" level=info msg="D:/GoLand/Im/test/TestGorm.go:140 model accessible fields required\n[0.000ms] [rows:0] SELECT * FROM `users` ORDER BY `users`. LIMIT 1"
time="2023-04-22 18:13:49" level=info msg="D:/GoLand/Im/test/TestGorm.go:144 WHERE conditions required\n[0.000ms] [rows:0] UPDATE `users` SET `age`=18"
time="2023-04-22 18:13:49" level=info msg="D:/GoLand/Im/test/TestGorm.go:145 model accessible fields required\n[0.000ms] [rows:0] SELECT * FROM `users` ORDER BY `users`. LIMIT 1"
time="2023-04-22 18:13:49" level=info msg="D:/GoLand/Im/test/TestGorm.go:149 WHERE conditions required\n[0.000ms] [rows:0] DELETE FROM `users`"
time="2023-04-22 18:13:49" level=info msg="D:/GoLand/Im/test/TestGorm.go:150\n[0.970ms] [rows:-] SELECT DATABASE()"
time="2023-04-22 18:13:49" level=info msg="D:/GoLand/Im/test/TestGorm.go:150\n[1.751ms] [rows:1] SELECT SCHEMA_NAME from Information_schema.SCHEMATA where SCHEMA_NAME LIKE 'community%' ORDER BY SCHEMA_NAME='community' DESC,SCHEMA_NAME limit 1"
time="2023-04-22 18:13:49" level=info msg="D:/GoLand/Im/test/TestGorm.go:150\n[1.268ms] [rows:-] SELECT count(*) FROM information_schema.tables WHERE table_schema = 'community' AND table_name = 'users' AND table_type = 'BASE TABLE'"
time="2023-04-22 18:13:49" level=info msg="D:/GoLand/Im/test/TestGorm.go:150 Error 1064 (42000): You have an error in your SQL syntax; check the manual that corresponds to your MySQL server version for the right syntax to use near ')' at line 1\n[0.000ms] [rows:0] CREATE TABLE `users` ()"
time="2023-04-22 18:14:23" level=info msg="D:/GoLand/Im/test/TestGorm.go:138 Error 1146 (42S02): Table 'community.users' doesn't exist\n[1.512ms] [rows:0] INSERT INTO `users` VALUES()"
time="2023-04-22 18:14:23" level=info msg="D:/GoLand/Im/test/TestGorm.go:140 model accessible fields required\n[0.000ms] [rows:0] SELECT * FROM `users` ORDER BY `users`. LIMIT 1"
time="2023-04-22 18:14:23" level=info msg="D:/GoLand/Im/test/TestGorm.go:144 WHERE conditions required\n[0.510ms] [rows:0] UPDATE `users` SET `age`=18"
time="2023-04-22 18:14:23" level=info msg="D:/GoLand/Im/test/TestGorm.go:145 model accessible fields required\n[0.000ms] [rows:0] SELECT * FROM `users` ORDER BY `users`. LIMIT 1"
time="2023-04-22 18:14:23" level=info msg="D:/GoLand/Im/test/TestGorm.go:149 WHERE conditions required\n[0.000ms] [rows:0] DELETE FROM `users`"
time="2023-04-22 18:14:23" level=info msg="D:/GoLand/Im/test/TestGorm.go:150\n[0.000ms] [rows:-] SELECT DATABASE()"
time="2023-04-22 18:14:23" level=info msg="D:/GoLand/Im/test/TestGorm.go:150\n[0.558ms] [rows:1] SELECT SCHEMA_NAME from Information_schema.SCHEMATA where SCHEMA_NAME LIKE 'community%' ORDER BY SCHEMA_NAME='community' DESC,SCHEMA_NAME limit 1"
time="2023-04-22 18:14:23" level=info msg="D:/GoLand/Im/test/TestGorm.go:150\n[1.049ms] [rows:-] SELECT count(*) FROM information_schema.tables WHERE table_schema = 'community' AND table_name = 'users' AND table_type = 'BASE TABLE'"
time="2023-04-22 18:14:23" level=info msg="D:/GoLand/Im/test/TestGorm.go:150 Error 1064 (42000): You have an error in your SQL syntax; check the manual that corresponds to your MySQL server version for the right syntax to use near ')' at line 1\n[0.524ms] [rows:0] CREATE TABLE `users` ()"
time="2023-04-22 18:20:22" level=info msg="D:/GoLand/Im/test/TestGorm.go:136 model accessible fields required\n[0.511ms] [rows:0] SELECT * FROM `users` ORDER BY `users`. LIMIT 1"
time="2023-04-22 18:20:22" level=info msg="D:/GoLand/Im/test/TestGorm.go:140 WHERE conditions required\n[0.000ms] [rows:0] UPDATE `users` SET `age`=18"
time="2023-04-22 18:20:22" level=info msg="D:/GoLand/Im/test/TestGorm.go:141 model accessible fields required\n[0.000ms] [rows:0] SELECT * FROM `users` ORDER BY `users`. LIMIT 1"
time="2023-04-22 18:20:22" level=info msg="D:/GoLand/Im/test/TestGorm.go:145 WHERE conditions required\n[0.600ms] [rows:0] DELETE FROM `users`"
time="2023-04-22 18:20:38" level=info msg="D:/GoLand/Im/test/TestGorm.go:136 model accessible fields required\n[0.513ms] [rows:0] SELECT * FROM `users` ORDER BY `users`. LIMIT 1"
